Arguments: 
  C:\Program Files (x86)\nodejs\node.exe C:\Users\Administrator\AppData\Roaming\npm\node_modules\yarn\bin\yarn.js

PATH: 
  C:\Program Files\Git\mingw64\bin;C:\Program Files\Git\usr\bin;C:\Users\Administrator\bin;C:\Windows\system32;C:\Windows;C:\Windows\System32\Wbem;C:\Windows\System32\WindowsPowerShell\v1.0;C:\Program Files (x86)\nodejs;C:\Program Files\Git\cmd;C:\Users\Administrator\AppData\Local\Microsoft\WindowsApps;C:\Program Files\Microsoft VS Code\bin;C:\Users\Administrator\AppData\Roaming\npm

Yarn version: 
  1.6.0

Node version: 
  10.1.0

Platform: 
  win32 ia32

Trace: 
  SyntaxError: C:\Users\Administrator\Desktop\my\dancing-data\package.json: Unexpected token } in JSON at position 2550
      at JSON.parse (<anonymous>)
      at C:\Users\Administrator\AppData\Roaming\npm\node_modules\yarn\lib\cli.js:1130:59
      at Generator.next (<anonymous>)
      at step (C:\Users\Administrator\AppData\Roaming\npm\node_modules\yarn\lib\cli.js:98:30)
      at C:\Users\Administrator\AppData\Roaming\npm\node_modules\yarn\lib\cli.js:109:13

npm manifest: 
  {
    "name": "dancing-data",
    "version": "1.0.0",
    "description": "",
    "main": "index.js",
    "scripts": {
      "test": "echo \"Error: no test specified\" && exit 1"
    },
    "repository": {
      "type": "git",
      "url": "git+https://github.com/rashuo/dancing-data.git"
    },
    "author": "",
    "license": "ISC",
    "bugs": {
      "url": "https://github.com/rashuo/dancing-data/issues"
    },
    "homepage": "https://github.com/rashuo/dancing-data#readme",
    "devDependencies": {
      "babel-core": "^6.26.0",
      "babel-eslint": "7.2.3",
      "babel-loader": "^7.1.2",
      "babel-plugin-inferno": "^3.3.0",
      "babel-plugin-syntax-dynamic-import": "^6.18.0",
      "babel-plugin-transform-class-properties": "^6.24.1",
      "babel-plugin-transform-function-bind": "^6.22.0",
      "babel-plugin-transform-object-rest-spread": "^6.26.0",
      "babel-plugin-transform-react-jsx": "^6.24.1",
      "babel-polyfill": "^6.26.0",
      "babel-preset-env": "^1.6.1",
      "babel-preset-es2015": "^6.24.1",
      "babel-preset-react": "^6.24.1",
      "cross-env": "^5.1.3",
      "css-loader": "^0.28.7",
      "eslint": "^4.15.0",
      "eslint-friendly-formatter": "^3.0.0",
      "eslint-loader": "^1.9.0",
      "eslint-plugin-flowtype": "^2.42.0",
      "eslint-plugin-react": "^7.5.1",
      "extract-text-webpack-plugin": "^3.0.2",
      "html-loader": "^0.5.1",
      "less": "^2.7.3",
      "less-import-loader": "^1.1.0",
      "less-loader": "^4.0.5",
      "less-vars-to-js": "^1.2.1",
      "postcss-loader": "^2.0.10",
      "pre-commit": "^1.2.2",
      "precss": "^3.0.0",
      "rimraf": "^2.6.2",
      "style-loader": "^0.19.0",
      "url-loader": "^0.6.2",
      "webpack": "^3.10.0",
      "webpack-manifest-plugin": "^1.3.2"
    },
    "dependencies": {
      "antd": "^3.2.0",
      "axios": "^0.17.1",
      "babel-plugin-import": "^1.6.3",
      "babel-plugin-transform-decorators-legacy": "^1.3.4",
      "bundle-loader": "^0.5.5",
      "classnames": "^2.2",
      "ejs": "^2.5.9",
      "html-webpack-plugin": "^3.2.0",
      "koa": "^2.4.1",
      "koa-bodyparser": "^4.2.0",
      "koa-compress": "^2.0.0",
      "koa-convert": "^1.2.0",
      "koa-json": "^2.0.2",
      "koa-logger": "^3.2.0",
      "koa-onerror": "^4.0.0",
      "koa-router": "^7.3.0",
      "koa-static-plus": "^0.1.1",
      "koa-views": "^6.1.4",
      "koa2-history-api-fallback": "^0.0.5",
      "prop-types": "^15.5.10",
      "react": "^16.2.0",
      "react-dom": "^16.2.0",
      "react-redux": "^5.0.6",
      "react-router-dom": "^4.2.2",
      "redux": "^3.7.2",
      "redux-actions": "^2.2.1",
      "redux-saga": "^0.16.0",
      "webpack-dev-server": "^2.9.7",
    }
  }

yarn manifest: 
  No manifest

Lockfile: 
  No lockfile
